Info: Generated by version: 18.0.1 build 261
Info: Starting: Create simulation model
Info: qsys-generate /home/lizheng/test/mac_test_8bx16bx4/ip/mult_add_fix8bx16bx4.ip --simulation=VERILOG --allow-mixed-language-simulation --output-directory=/home/lizheng/test/mac_test_8bx16bx4/ip/mult_add_fix8bx16bx4 --family="Arria 10" --part=10AX115S2F45I1SG
Info: mult_add_fix8bx16bx4.mult_add_0: chainout adder operation type is ignored when chainout adder is disabled
Info: mult_add_fix8bx16bx4: "Transforming system: mult_add_fix8bx16bx4"
Info: mult_add_fix8bx16bx4: Running transform generation_view_transform
Info: mult_add_fix8bx16bx4: Running transform generation_view_transform took 0.003s
Info: mult_add_0: Running transform generation_view_transform
Info: mult_add_0: Running transform generation_view_transform took 0.000s
Info: mult_add_fix8bx16bx4: Running transform interconnect_transform_chooser
Info: mult_add_fix8bx16bx4: Running transform interconnect_transform_chooser took 0.061s
Info: mult_add_fix8bx16bx4: "Naming system components in system: mult_add_fix8bx16bx4"
Info: mult_add_fix8bx16bx4: "Processing generation queue"
Info: mult_add_fix8bx16bx4: "Generating: mult_add_fix8bx16bx4"
Info: mult_add_fix8bx16bx4: "Generating: mult_add_fix8bx16bx4_altera_mult_add_180_lom7gmy"
Info: mult_add_0: generating top-level entity mult_add_fix8bx16bx4_altera_mult_add_180_lom7gmy
Info: mult_add_fix8bx16bx4: Done "mult_add_fix8bx16bx4" with 2 modules, 2 files
Info: Generating the following file(s) for MODELSIM simulator in /home/lizheng/test/mac_test_8bx16bx4/ip/mult_add_fix8bx16bx4/sim/ directory:
Info: 	common/modelsim_files.tcl
Info: Generating the following file(s) for VCSMX simulator in /home/lizheng/test/mac_test_8bx16bx4/ip/mult_add_fix8bx16bx4/sim/ directory:
Info: 	common/vcsmx_files.tcl
Info: Generating the following file(s) for VCS simulator in /home/lizheng/test/mac_test_8bx16bx4/ip/mult_add_fix8bx16bx4/sim/ directory:
Info: 	common/vcs_files.tcl
Info: Generating the following file(s) for RIVIERA simulator in /home/lizheng/test/mac_test_8bx16bx4/ip/mult_add_fix8bx16bx4/sim/ directory:
Info: 	common/riviera_files.tcl
Info: Generating the following file(s) for NCSIM simulator in /home/lizheng/test/mac_test_8bx16bx4/ip/mult_add_fix8bx16bx4/sim/ directory:
Info: 	common/ncsim_files.tcl
Info: Generating the following file(s) for XCELIUM simulator in /home/lizheng/test/mac_test_8bx16bx4/ip/mult_add_fix8bx16bx4/sim/ directory:
Info: 	common/xcelium_files.tcl
Info: For information on how to simulate your IP, see the explanatory comments in the simulator-specific subdirectories under /home/lizheng/test/mac_test_8bx16bx4/ip/mult_add_fix8bx16bx4/sim/.
Info: Regenerate these scripts whenever you make any change to any Quartus-generated IP in your project.
Info: qsys-generate succeeded.
Info: Finished: Create simulation model
Info: Starting: Create Modelsim Project.
Info: sim-script-gen --system-file=/home/lizheng/test/mac_test_8bx16bx4/ip/mult_add_fix8bx16bx4.ip --output-directory=/home/lizheng/test/mac_test_8bx16bx4/ip/mult_add_fix8bx16bx4/sim/ --use-relative-paths=true
Info: Generating the following file(s) for MODELSIM simulator in /home/lizheng/test/mac_test_8bx16bx4/ip/mult_add_fix8bx16bx4/sim/ directory:
Info: 	mentor/msim_setup.tcl
Info: Generating the following file(s) for VCSMX simulator in /home/lizheng/test/mac_test_8bx16bx4/ip/mult_add_fix8bx16bx4/sim/ directory:
Info: 	synopsys/vcsmx/synopsys_sim.setup
Info: 	synopsys/vcsmx/vcsmx_setup.sh
Info: Generating the following file(s) for VCS simulator in /home/lizheng/test/mac_test_8bx16bx4/ip/mult_add_fix8bx16bx4/sim/ directory:
Info: 	synopsys/vcs/vcs_setup.sh
Info: Generating the following file(s) for RIVIERA simulator in /home/lizheng/test/mac_test_8bx16bx4/ip/mult_add_fix8bx16bx4/sim/ directory:
Info: 	aldec/rivierapro_setup.tcl
Info: Generating the following file(s) for NCSIM simulator in /home/lizheng/test/mac_test_8bx16bx4/ip/mult_add_fix8bx16bx4/sim/ directory:
Info: 	cadence/cds.lib
Info: 	cadence/hdl.var
Info: 	cadence/ncsim_setup.sh
Info: 	2 .cds.lib files in cadence/cds_libs/ directory
Info: Generating the following file(s) for XCELIUM simulator in /home/lizheng/test/mac_test_8bx16bx4/ip/mult_add_fix8bx16bx4/sim/ directory:
Info: 	xcelium/cds.lib
Info: 	xcelium/hdl.var
Info: 	xcelium/xcelium_setup.sh
Info: 	2 .cds.lib files in xcelium/cds_libs/ directory
Info: For information on how to simulate your IP, see the explanatory comments in the simulator-specific subdirectories under /home/lizheng/test/mac_test_8bx16bx4/ip/mult_add_fix8bx16bx4/sim/.
Info: Regenerate these scripts whenever you make any change to any Quartus-generated IP in your project.
Info: Finished: Create Modelsim Project.
Info: Starting: Create block symbol file (.bsf)
Info: qsys-generate /home/lizheng/test/mac_test_8bx16bx4/ip/mult_add_fix8bx16bx4.ip --block-symbol-file --output-directory=/home/lizheng/test/mac_test_8bx16bx4/ip/mult_add_fix8bx16bx4 --family="Arria 10" --part=10AX115S2F45I1SG
Info: mult_add_fix8bx16bx4.mult_add_0: chainout adder operation type is ignored when chainout adder is disabled
Info: qsys-generate succeeded.
Info: Finished: Create block symbol file (.bsf)
Info: 
Info: Starting: Create HDL design files for synthesis
Info: qsys-generate /home/lizheng/test/mac_test_8bx16bx4/ip/mult_add_fix8bx16bx4.ip --synthesis=VERILOG --output-directory=/home/lizheng/test/mac_test_8bx16bx4/ip/mult_add_fix8bx16bx4 --family="Arria 10" --part=10AX115S2F45I1SG
Info: mult_add_fix8bx16bx4.mult_add_0: chainout adder operation type is ignored when chainout adder is disabled
Info: mult_add_fix8bx16bx4: "Transforming system: mult_add_fix8bx16bx4"
Info: mult_add_fix8bx16bx4: Running transform generation_view_transform
Info: mult_add_fix8bx16bx4: Running transform generation_view_transform took 0.000s
Info: mult_add_0: Running transform generation_view_transform
Info: mult_add_0: Running transform generation_view_transform took 0.000s
Info: mult_add_fix8bx16bx4: Running transform interconnect_transform_chooser
Info: mult_add_fix8bx16bx4: Running transform interconnect_transform_chooser took 0.008s
Info: mult_add_fix8bx16bx4: "Naming system components in system: mult_add_fix8bx16bx4"
Info: mult_add_fix8bx16bx4: "Processing generation queue"
Info: mult_add_fix8bx16bx4: "Generating: mult_add_fix8bx16bx4"
Info: mult_add_fix8bx16bx4: "Generating: mult_add_fix8bx16bx4_altera_mult_add_180_lom7gmy"
Info: mult_add_0: generating top-level entity mult_add_fix8bx16bx4_altera_mult_add_180_lom7gmy
Info: mult_add_fix8bx16bx4: Done "mult_add_fix8bx16bx4" with 2 modules, 2 files
Info: qsys-generate succeeded.
Info: Finished: Create HDL design files for synthesis
Info: Starting: Generate IP Core Documentation
Info: No documentation filesets were found for components in mult_add_fix8bx16bx4. No files generated.
Info: Finished: Generate IP Core Documentation
